<?xml version="1.0" encoding="UTF-8" ?>
<testsuite errors="0" failures="0" hostname="CPX-Y7P67YM363F" name="com.mycompany.app.AppTest" skipped="0" tests="2" time="0.076" timestamp="2018-01-15T13:55:11">
  <properties>
    <property name="java.vendor" value="Oracle Corporation" />
    <property name="sun.java.launcher" value="SUN_STANDARD" />
    <property name="eclipse.pdebuild.templates" value="C:\jee-oxygen\eclipse\..\..\Users\ralina.talipova\.p2\pool\plugins\org.eclipse.pde.build_3.9.300.v20170515-0912\templates" />
    <property name="sun.management.compiler" value="HotSpot 64-Bit Tiered Compilers" />
    <property name="maven.build.srcDir.0" value="src/main/java" />
    <property name="os.name" value="Windows 10" />
    <property name="sun.boot.class.path" value="C:\Program Files\Java\jdk1.8.0_152\jre\lib\resources.jar;C:\Program Files\Java\jdk1.8.0_152\jre\lib\rt.jar;C:\Program Files\Java\jdk1.8.0_152\jre\lib\sunrsasign.jar;C:\Program Files\Java\jdk1.8.0_152\jre\lib\jsse.jar;C:\Program Files\Java\jdk1.8.0_152\jre\lib\jce.jar;C:\Program Files\Java\jdk1.8.0_152\jre\lib\charsets.jar;C:\Program Files\Java\jdk1.8.0_152\jre\lib\jfr.jar;C:\Program Files\Java\jdk1.8.0_152\jre\classes" />
    <property name="user.country.format" value="NL" />
    <property name="sun.desktop" value="windows" />
    <property name="java.vm.specification.vendor" value="Oracle Corporation" />
    <property name="ant.home" value="C:\Users\ralina.talipova\.p2\pool\plugins\org.apache.ant_1.10.1.v20170504-0840" />
    <property name="java.runtime.version" value="1.8.0_152-b16" />
    <property name="maven.build.resourceDir.0" value="src/main/resources" />
    <property name="user.name" value="ralina.talipova" />
    <property name="user.language.format" value="nl" />
    <property name="maven.build.outputDir" value="target/classes" />
    <property name="maven.repo.local" value="C:\Users\ralina.talipova/.m2/repository" />
    <property name="maven.build.finalName" value="my-app-1.0-SNAPSHOT" />
    <property name="maven.build.testDir.0" value="src/test/java" />
    <property name="user.language" value="en" />
    <property name="sun.boot.library.path" value="C:\Program Files\Java\jdk1.8.0_152\jre\bin" />
    <property name="ant.project.default-target" value="package" />
    <property name="maven.reporting.outputDirectory" value="target/site" />
    <property name="ant.project.name" value="my-app" />
    <property name="java.version" value="1.8.0_152" />
    <property name="user.timezone" value="" />
    <property name="ant.file.type.my-app" value="file" />
    <property name="sun.arch.data.model" value="64" />
    <property name="java.endorsed.dirs" value="C:\Program Files\Java\jdk1.8.0_152\jre\lib\endorsed" />
    <property name="sun.cpu.isalist" value="amd64" />
    <property name="sun.jnu.encoding" value="Cp1252" />
    <property name="file.encoding.pkg" value="sun.io" />
    <property name="file.separator" value="\" />
    <property name="java.specification.name" value="Java Platform API Specification" />
    <property name="java.class.version" value="52.0" />
    <property name="user.country" value="US" />
    <property name="java.home" value="C:\Program Files\Java\jdk1.8.0_152\jre" />
    <property name="java.vm.info" value="mixed mode" />
    <property name="ant.file" value="C:\dev\eclipse-workspace\simple-java-maven-app\build.xml" />
    <property name="os.version" value="10.0" />
    <property name="maven.build.testOutputDir" value="target/test-classes" />
    <property name="path.separator" value=";" />
    <property name="java.vm.version" value="25.152-b16" />
    <property name="maven.build.dir" value="target" />
    <property name="maven.test.reports" value="Reports" />
    <property name="user.variant" value="" />
    <property name="ant.library.dir" value="C:\Users\ralina.talipova\.p2\pool\plugins\org.apache.ant_1.10.1.v20170504-0840\lib" />
    <property name="java.awt.printerjob" value="sun.awt.windows.WPrinterJob" />
    <property name="sun.io.unicode.encoding" value="UnicodeLittle" />
    <property name="awt.toolkit" value="sun.awt.windows.WToolkit" />
    <property name="user.script" value="" />
    <property name="project.build.outputDirectory" value="target/classes" />
    <property name="eclipse.pdebuild.scripts" value="C:\jee-oxygen\eclipse\..\..\Users\ralina.talipova\.p2\pool\plugins\org.eclipse.pde.build_3.9.300.v20170515-0912\scripts" />
    <property name="user.home" value="C:\Users\ralina.talipova" />
    <property name="java.specification.vendor" value="Oracle Corporation" />
    <property name="java.library.path" value="C:\Program Files\Java\jdk1.8.0_152\jre\bin;C:\windows\Sun\Java\bin;C:\windows\system32;C:\windows;C:/Program Files/Java/jre1.8.0_152/bin/server;C:/Program Files/Java/jre1.8.0_152/bin;C:/Program Files/Java/jre1.8.0_152/lib/amd64;C:\ProgramData\Oracle\Java\javapath;C:\windows\system32;C:\windows;C:\windows\System32\Wbem;C:\windows\System32\WindowsPowerShell\v1.0\;C:\Program Files (x86)\Skype\Phone\;C:\Users\ralina.talipova\AppData\Local\Microsoft\WindowsApps;C:\dev\tools\apache-maven-3.5.2\bin;C:\dev\tools\Git\cmd;C:\Users\ralina.talipova\AppData\Local\GitHubDesktop\bin;C:\Users\ralina.talipova\Desktop;;." />
    <property name="java.vendor.url" value="http://java.oracle.com/" />
    <property name="maven.settings.offline" value="false" />
    <property name="java.vm.vendor" value="Oracle Corporation" />
    <property name="maven.settings.interactiveMode" value="true" />
    <property name="java.runtime.name" value="Java(TM) SE Runtime Environment" />
    <property name="sun.java.command" value="org.apache.tools.ant.taskdefs.optional.junit.JUnitTestRunner com.mycompany.app.AppTest skipNonTests=false filtertrace=true haltOnError=true haltOnFailure=true formatter=org.apache.tools.ant.taskdefs.optional.junit.SummaryJUnitResultFormatter showoutput=false outputtoformatters=true logfailedtests=true threadid=0 logtestlistenerevents=false formatter=org.apache.tools.ant.taskdefs.optional.junit.XMLJUnitResultFormatter,C:\dev\eclipse-workspace\simple-java-maven-app\Reports\TEST-com.mycompany.app.AppTest.xml formatter=org.apache.tools.ant.taskdefs.optional.junit.PlainJUnitResultFormatter crashfile=C:\dev\eclipse-workspace\simple-java-maven-app\junitvmwatcher9115404774942668600.properties propsfile=C:\dev\eclipse-workspace\simple-java-maven-app\junit5700683825688227077.properties" />
    <property name="java.class.path" value="C:\Users\ralina.talipova\.m2\repository\junit\junit\4.11\junit-4.11.jar;C:\Users\ralina.talipova\.m2\repository\org\hamcrest\hamcrest-core\1.3\hamcrest-core-1.3.jar;C:\dev\eclipse-workspace\simple-java-maven-app\target\classes;C:\dev\eclipse-workspace\simple-java-maven-app\target\test-classes;C:\Users\ralina.talipova\.p2\pool\plugins\org.apache.ant_1.10.1.v20170504-0840\lib\ant-launcher.jar;C:\Users\ralina.talipova\.p2\pool\plugins\org.apache.ant_1.10.1.v20170504-0840\lib\ant.jar;C:\Users\ralina.talipova\.p2\pool\plugins\org.apache.ant_1.10.1.v20170504-0840\lib\ant-junit.jar;C:\Users\ralina.talipova\.p2\pool\plugins\org.apache.ant_1.10.1.v20170504-0840\lib\ant-junit4.jar" />
    <property name="ant.version" value="Apache Ant(TM) version 1.10.1 compiled on February 2 2017" />
    <property name="project.build.directory" value="target" />
    <property name="java.vm.specification.name" value="Java Virtual Machine Specification" />
    <property name="java.vm.specification.version" value="1.8" />
    <property name="sun.cpu.endian" value="little" />
    <property name="sun.os.patch.level" value="" />
    <property name="eclipse.pdebuild.home" value="C:\jee-oxygen\eclipse\..\..\Users\ralina.talipova\.p2\pool\plugins\org.eclipse.pde.build_3.9.300.v20170515-0912\." />
    <property name="java.io.tmpdir" value="C:\Users\ralina.talipova\AppData\Local\Temp\" />
    <property name="junit.present" value="true" />
    <property name="java.vendor.url.bug" value="http://bugreport.sun.com/bugreport/" />
    <property name="java.awt.graphicsenv" value="sun.awt.Win32GraphicsEnvironment" />
    <property name="os.arch" value="amd64" />
    <property name="maven.build.testResourceDir.0" value="src/test/resources" />
    <property name="java.ext.dirs" value="C:\Program Files\Java\jdk1.8.0_152\jre\lib\ext;C:\windows\Sun\Java\lib\ext" />
    <property name="user.dir" value="C:\dev\eclipse-workspace\simple-java-maven-app" />
    <property name="ant.file.type.my-app-from-maven" value="file" />
    <property name="line.separator" value="&#xd;&#xa;" />
    <property name="java.vm.name" value="Java HotSpot(TM) 64-Bit Server VM" />
    <property name="basedir" value="." />
    <property name="ant.java.version" value="1.8" />
    <property name="ant.core.lib" value="C:\Users\ralina.talipova\.p2\pool\plugins\org.apache.ant_1.10.1.v20170504-0840\lib\ant.jar" />
    <property name="file.encoding" value="Cp1252" />
    <property name="java.specification.version" value="1.8" />
    <property name="ant.file.my-app-from-maven" value="C:\dev\eclipse-workspace\simple-java-maven-app\maven-build.xml" />
    <property name="ant.project.invoked-targets" value="package" />
    <property name="ant.file.my-app" value="C:\dev\eclipse-workspace\simple-java-maven-app\build.xml" />
  </properties>
  <testcase classname="com.mycompany.app.AppTest" name="testAppMain" time="0.004" />
  <testcase classname="com.mycompany.app.AppTest" name="testAppConstructor" time="0.0" />
  <system-out><![CDATA[]]></system-out>
  <system-err><![CDATA[]]></system-err>
</testsuite>
